<?xml version="1.0" encoding="UTF-8"?>
<testng-results skipped="0" failed="0" ignored="0" total="1" passed="1">
  <reporter-output>
  </reporter-output>
  <suite name="my_maven.Test01" duration-ms="30133" started-at="2018-08-27T05:24:37Z" finished-at="2018-08-27T05:25:07Z">
    <groups>
    </groups>
    <test name="Command line test" duration-ms="30133" started-at="2018-08-27T05:24:37Z" finished-at="2018-08-27T05:25:07Z">
      <class name="my_maven.Test01">
        <test-method status="PASS" signature="launchBrowser()[pri:0, instance:my_maven.Test01@5f2050f6]" name="launchBrowser" is-config="true" duration-ms="4824" started-at="2018-08-27T05:24:37Z" finished-at="2018-08-27T05:24:42Z">
          <reporter-output>
          </reporter-output>
        </test-method> <!-- launchBrowser -->
        <test-method status="PASS" signature="test_01()[pri:0, instance:my_maven.Test01@5f2050f6]" name="test_01" duration-ms="25267" started-at="2018-08-27T05:24:42Z" finished-at="2018-08-27T05:25:07Z">
          <reporter-output>
          </reporter-output>
        </test-method> <!-- test_01 -->
      </class> <!-- my_maven.Test01 -->
    </test> <!-- Command line test -->
  </suite> <!-- my_maven.Test01 -->
</testng-results>
